build/outputs/logs/manifest-merger-release-report.txt
-- Merging decision tree log ---
manifest
ADDED from lamw-prj\baku_kata\AndroidManifest.xml:2:1-45:12
INJECTED from lamw-prj\baku_kata\AndroidManifest.xml:2:1-45:12
INJECTED from lamw-prj\baku_kata\AndroidManifest.xml:2:1-45:12
MERGED from [com.android.support:design:25.3.1] AndroidManifest.xml:17:1-31:12
MERGED from [com.android.support:appcompat-v7:25.3.1] AndroidManifest.xml:17:1-31:12
MERGED from [com.android.support:cardview-v7:25.3.1] AndroidManifest.xml:17:1-28:12
MERGED from [com.android.support:recyclerview-v7:25.3.1] AndroidManifest.xml:17:1-26:12
MERGED from [com.android.support:animated-vector-drawable:25.3.1] AndroidManifest.xml:17:1-28:12
MERGED from [com.android.support:support-vector-drawable:25.3.1] AndroidManifest.xml:17:1-28:12
MERGED from [com.android.support:transition:25.3.1] AndroidManifest.xml:17:1-28:12
MERGED from [com.android.support:support-v4:25.3.1] AndroidManifest.xml:17:1-31:12
MERGED from [com.android.support:support-fragment:25.3.1] AndroidManifest.xml:17:1-31:12
MERGED from [com.android.support:support-core-ui:25.3.1] AndroidManifest.xml:17:1-31:12
MERGED from [com.android.support:support-media-compat:25.3.1] AndroidManifest.xml:17:1-31:12
MERGED from [com.android.support:support-core-utils:25.3.1] AndroidManifest.xml:17:1-31:12
MERGED from [com.android.support:support-compat:25.3.1] AndroidManifest.xml:17:1-31:12
INJECTED from lamw-prj\baku_kata\AndroidManifest.xml:2:1-45:12
INJECTED from lamw-prj\baku_kata\AndroidManifest.xml:2:1-45:12
	package
		ADDED from lamw-prj\baku_kata\AndroidManifest.xml:2:70-102
	android:versionName
		ADDED from lamw-prj\baku_kata\AndroidManifest.xml:2:127-152
		INJECTED from lamw-prj\baku_kata\AndroidManifest.xml
		INJECTED from lamw-prj\baku_kata\AndroidManifest.xml
	xmlns:android
		ADDED from lamw-prj\baku_kata\AndroidManifest.xml:2:11-69
	android:versionCode
		ADDED from lamw-prj\baku_kata\AndroidManifest.xml:2:103-126
		INJECTED from lamw-prj\baku_kata\AndroidManifest.xml
		INJECTED from lamw-prj\baku_kata\AndroidManifest.xml
uses-sdk
ADDED from lamw-prj\baku_kata\AndroidManifest.xml:3:3-71
INJECTED from lamw-prj\baku_kata\AndroidManifest.xml:3:3-71
INJECTED from lamw-prj\baku_kata\AndroidManifest.xml:3:3-71
MERGED from [com.android.support:design:25.3.1] AndroidManifest.xml:21:5-23:62
MERGED from [com.android.support:design:25.3.1] AndroidManifest.xml:21:5-23:62
MERGED from [com.android.support:appcompat-v7:25.3.1] AndroidManifest.xml:21:5-23:78
MERGED from [com.android.support:appcompat-v7:25.3.1] AndroidManifest.xml:21:5-23:78
MERGED from [com.android.support:cardview-v7:25.3.1] AndroidManifest.xml:20:5-43
MERGED from [com.android.support:cardview-v7:25.3.1] AndroidManifest.xml:20:5-43
MERGED from [com.android.support:recyclerview-v7:25.3.1] AndroidManifest.xml:20:5-43
MERGED from [com.android.support:recyclerview-v7:25.3.1] AndroidManifest.xml:20:5-43
MERGED from [com.android.support:animated-vector-drawable:25.3.1] AndroidManifest.xml:20:5-44
MERGED from [com.android.support:animated-vector-drawable:25.3.1] AndroidManifest.xml:20:5-44
MERGED from [com.android.support:support-vector-drawable:25.3.1] AndroidManifest.xml:20:5-43
MERGED from [com.android.support:support-vector-drawable:25.3.1] AndroidManifest.xml:20:5-43
MERGED from [com.android.support:transition:25.3.1] AndroidManifest.xml:20:5-44
MERGED from [com.android.support:transition:25.3.1] AndroidManifest.xml:20:5-44
MERGED from [com.android.support:support-v4:25.3.1] AndroidManifest.xml:21:5-23:54
MERGED from [com.android.support:support-v4:25.3.1] AndroidManifest.xml:21:5-23:54
MERGED from [com.android.support:support-fragment:25.3.1] AndroidManifest.xml:21:5-23:60
MERGED from [com.android.support:support-fragment:25.3.1] AndroidManifest.xml:21:5-23:60
MERGED from [com.android.support:support-core-ui:25.3.1] AndroidManifest.xml:21:5-23:58
MERGED from [com.android.support:support-core-ui:25.3.1] AndroidManifest.xml:21:5-23:58
MERGED from [com.android.support:support-media-compat:25.3.1] AndroidManifest.xml:21:5-23:63
MERGED from [com.android.support:support-media-compat:25.3.1] AndroidManifest.xml:21:5-23:63
MERGED from [com.android.support:support-core-utils:25.3.1] AndroidManifest.xml:21:5-23:61
MERGED from [com.android.support:support-core-utils:25.3.1] AndroidManifest.xml:21:5-23:61
MERGED from [com.android.support:support-compat:25.3.1] AndroidManifest.xml:21:5-23:58
MERGED from [com.android.support:support-compat:25.3.1] AndroidManifest.xml:21:5-23:58
INJECTED from lamw-prj\baku_kata\AndroidManifest.xml:3:3-71
INJECTED from lamw-prj\baku_kata\AndroidManifest.xml:3:3-71
	tools:overrideLibrary
		ADDED from [com.android.support:design:25.3.1] AndroidManifest.xml:23:9-59
	android:targetSdkVersion
		ADDED from lamw-prj\baku_kata\AndroidManifest.xml:3:40-69
		INJECTED from lamw-prj\baku_kata\AndroidManifest.xml
		INJECTED from lamw-prj\baku_kata\AndroidManifest.xml
	android:minSdkVersion
		ADDED from lamw-prj\baku_kata\AndroidManifest.xml:3:13-39
		INJECTED from lamw-prj\baku_kata\AndroidManifest.xml
		INJECTED from lamw-prj\baku_kata\AndroidManifest.xml
uses-permission#android.permission.ACCESS_BLUETOOTH_SHARE
ADDED from lamw-prj\baku_kata\AndroidManifest.xml:4:3-78
	android:name
		ADDED from lamw-prj\baku_kata\AndroidManifest.xml:4:20-76
uses-permission#android.permission.ACCESS_COARSE_LOCATION
ADDED from lamw-prj\baku_kata\AndroidManifest.xml:5:3-78
	android:name
		ADDED from lamw-prj\baku_kata\AndroidManifest.xml:5:20-76
uses-permission#android.permission.ACCESS_FINE_LOCATION
ADDED from lamw-prj\baku_kata\AndroidManifest.xml:6:3-76
	android:name
		ADDED from lamw-prj\baku_kata\AndroidManifest.xml:6:20-74
uses-permission#android.permission.ACCESS_NETWORK_STATE
ADDED from lamw-prj\baku_kata\AndroidManifest.xml:7:3-76
	android:name
		ADDED from lamw-prj\baku_kata\AndroidManifest.xml:7:20-74
uses-permission#android.permission.ACCESS_WIFI_STATE
ADDED from lamw-prj\baku_kata\AndroidManifest.xml:8:3-73
	android:name
		ADDED from lamw-prj\baku_kata\AndroidManifest.xml:8:20-71
uses-permission#android.permission.BLUETOOTH
ADDED from lamw-prj\baku_kata\AndroidManifest.xml:9:3-65
	android:name
		ADDED from lamw-prj\baku_kata\AndroidManifest.xml:9:20-63
uses-permission#android.permission.BLUETOOTH_ADMIN
ADDED from lamw-prj\baku_kata\AndroidManifest.xml:10:3-71
	android:name
		ADDED from lamw-prj\baku_kata\AndroidManifest.xml:10:20-69
uses-permission#android.permission.CALL_PHONE
ADDED from lamw-prj\baku_kata\AndroidManifest.xml:11:3-66
	android:name
		ADDED from lamw-prj\baku_kata\AndroidManifest.xml:11:20-64
uses-permission#android.permission.CAMERA
ADDED from lamw-prj\baku_kata\AndroidManifest.xml:12:3-62
	android:name
		ADDED from lamw-prj\baku_kata\AndroidManifest.xml:12:20-60
uses-permission#android.permission.CHANGE_NETWORK_STATE
ADDED from lamw-prj\baku_kata\AndroidManifest.xml:13:3-76
	android:name
		ADDED from lamw-prj\baku_kata\AndroidManifest.xml:13:20-74
uses-permission#android.permission.CHANGE_WIFI_STATE
ADDED from lamw-prj\baku_kata\AndroidManifest.xml:14:3-73
	android:name
		ADDED from lamw-prj\baku_kata\AndroidManifest.xml:14:20-71
uses-permission#android.permission.INTERNET
ADDED from lamw-prj\baku_kata\AndroidManifest.xml:15:3-64
	android:name
		ADDED from lamw-prj\baku_kata\AndroidManifest.xml:15:20-62
uses-permission#android.permission.NFC
ADDED from lamw-prj\baku_kata\AndroidManifest.xml:16:3-59
	android:name
		ADDED from lamw-prj\baku_kata\AndroidManifest.xml:16:20-57
uses-permission#android.permission.READ_CONTACTS
ADDED from lamw-prj\baku_kata\AndroidManifest.xml:17:3-69
	android:name
		ADDED from lamw-prj\baku_kata\AndroidManifest.xml:17:20-67
uses-permission#android.permission.READ_EXTERNAL_STORAGE
ADDED from lamw-prj\baku_kata\AndroidManifest.xml:18:3-77
	android:name
		ADDED from lamw-prj\baku_kata\AndroidManifest.xml:18:20-75
uses-permission#android.permission.READ_OWNER_DATA
ADDED from lamw-prj\baku_kata\AndroidManifest.xml:19:3-71
	android:name
		ADDED from lamw-prj\baku_kata\AndroidManifest.xml:19:20-69
uses-permission#android.permission.READ_PHONE_STATE
ADDED from lamw-prj\baku_kata\AndroidManifest.xml:20:3-72
	android:name
		ADDED from lamw-prj\baku_kata\AndroidManifest.xml:20:20-70
uses-permission#android.permission.RECEIVE_SMS
ADDED from lamw-prj\baku_kata\AndroidManifest.xml:21:3-67
	android:name
		ADDED from lamw-prj\baku_kata\AndroidManifest.xml:21:20-65
uses-permission#android.permission.RESTART_PACKAGES
ADDED from lamw-prj\baku_kata\AndroidManifest.xml:22:3-72
	android:name
		ADDED from lamw-prj\baku_kata\AndroidManifest.xml:22:20-70
uses-permission#android.permission.SEND_SMS
ADDED from lamw-prj\baku_kata\AndroidManifest.xml:23:3-64
	android:name
		ADDED from lamw-prj\baku_kata\AndroidManifest.xml:23:20-62
uses-permission#android.permission.VIBRATE
ADDED from lamw-prj\baku_kata\AndroidManifest.xml:24:3-63
	android:name
		ADDED from lamw-prj\baku_kata\AndroidManifest.xml:24:20-61
uses-permission#android.permission.WAKE_LOCK
ADDED from lamw-prj\baku_kata\AndroidManifest.xml:25:3-65
	android:name
		ADDED from lamw-prj\baku_kata\AndroidManifest.xml:25:20-63
uses-permission#android.permission.WRITE_CONTACTS
ADDED from lamw-prj\baku_kata\AndroidManifest.xml:26:3-70
	android:name
		ADDED from lamw-prj\baku_kata\AndroidManifest.xml:26:20-68
uses-permission#android.permission.WRITE_EXTERNAL_STORAGE
ADDED from lamw-prj\baku_kata\AndroidManifest.xml:27:3-78
	android:name
		ADDED from lamw-prj\baku_kata\AndroidManifest.xml:27:20-76
uses-permission#android.permission.WRITE_OWNER_DATA
ADDED from lamw-prj\baku_kata\AndroidManifest.xml:28:3-72
	android:name
		ADDED from lamw-prj\baku_kata\AndroidManifest.xml:28:20-70
uses-feature#android.hardware.camera
ADDED from lamw-prj\baku_kata\AndroidManifest.xml:29:3-82
	android:required
		ADDED from lamw-prj\baku_kata\AndroidManifest.xml:29:56-80
	android:name
		ADDED from lamw-prj\baku_kata\AndroidManifest.xml:29:17-55
uses-feature#android.hardware.camera.flash
ADDED from lamw-prj\baku_kata\AndroidManifest.xml:30:3-88
	android:required
		ADDED from lamw-prj\baku_kata\AndroidManifest.xml:30:62-86
	android:name
		ADDED from lamw-prj\baku_kata\AndroidManifest.xml:30:17-61
uses-feature#android.hardware.camera.autofocus
ADDED from lamw-prj\baku_kata\AndroidManifest.xml:31:3-92
	android:required
		ADDED from lamw-prj\baku_kata\AndroidManifest.xml:31:66-90
	android:name
		ADDED from lamw-prj\baku_kata\AndroidManifest.xml:31:17-65
uses-feature#0x00020000
ADDED from lamw-prj\baku_kata\AndroidManifest.xml:32:3-75
	android:glEsVersion
		ADDED from lamw-prj\baku_kata\AndroidManifest.xml:32:17-49
	android:required
		ADDED from lamw-prj\baku_kata\AndroidManifest.xml:32:50-73
uses-feature#android.hardware.telephony
ADDED from lamw-prj\baku_kata\AndroidManifest.xml:33:3-85
	android:required
		ADDED from lamw-prj\baku_kata\AndroidManifest.xml:33:59-83
	android:name
		ADDED from lamw-prj\baku_kata\AndroidManifest.xml:33:17-58
uses-feature#android.hardware.sensor.stepcounter
ADDED from lamw-prj\baku_kata\AndroidManifest.xml:34:3-94
	android:required
		ADDED from lamw-prj\baku_kata\AndroidManifest.xml:34:68-92
	android:name
		ADDED from lamw-prj\baku_kata\AndroidManifest.xml:34:17-67
uses-feature#android.hardware.sensor.stepdetector
ADDED from lamw-prj\baku_kata\AndroidManifest.xml:35:3-95
	android:required
		ADDED from lamw-prj\baku_kata\AndroidManifest.xml:35:69-93
	android:name
		ADDED from lamw-prj\baku_kata\AndroidManifest.xml:35:17-68
supports-screens
ADDED from lamw-prj\baku_kata\AndroidManifest.xml:36:3-133
	android:largeScreens
		ADDED from lamw-prj\baku_kata\AndroidManifest.xml:36:78-105
	android:smallScreens
		ADDED from lamw-prj\baku_kata\AndroidManifest.xml:36:21-48
	android:normalScreens
		ADDED from lamw-prj\baku_kata\AndroidManifest.xml:36:49-77
	android:anyDensity
		ADDED from lamw-prj\baku_kata\AndroidManifest.xml:36:106-131
application
ADDED from lamw-prj\baku_kata\AndroidManifest.xml:37:3-44:17
MERGED from [com.android.support:design:25.3.1] AndroidManifest.xml:29:5-20
MERGED from [com.android.support:design:25.3.1] AndroidManifest.xml:29:5-20
MERGED from [com.android.support:appcompat-v7:25.3.1] AndroidManifest.xml:29:5-20
MERGED from [com.android.support:appcompat-v7:25.3.1] AndroidManifest.xml:29:5-20
MERGED from [com.android.support:cardview-v7:25.3.1] AndroidManifest.xml:26:5-20
MERGED from [com.android.support:cardview-v7:25.3.1] AndroidManifest.xml:26:5-20
MERGED from [com.android.support:animated-vector-drawable:25.3.1] AndroidManifest.xml:26:5-20
MERGED from [com.android.support:animated-vector-drawable:25.3.1] AndroidManifest.xml:26:5-20
MERGED from [com.android.support:support-vector-drawable:25.3.1] AndroidManifest.xml:26:5-20
MERGED from [com.android.support:support-vector-drawable:25.3.1] AndroidManifest.xml:26:5-20
MERGED from [com.android.support:transition:25.3.1] AndroidManifest.xml:26:5-20
MERGED from [com.android.support:transition:25.3.1] AndroidManifest.xml:26:5-20
MERGED from [com.android.support:support-v4:25.3.1] AndroidManifest.xml:29:5-20
MERGED from [com.android.support:support-v4:25.3.1] AndroidManifest.xml:29:5-20
MERGED from [com.android.support:support-fragment:25.3.1] AndroidManifest.xml:29:5-20
MERGED from [com.android.support:support-fragment:25.3.1] AndroidManifest.xml:29:5-20
MERGED from [com.android.support:support-core-ui:25.3.1] AndroidManifest.xml:29:5-20
MERGED from [com.android.support:support-core-ui:25.3.1] AndroidManifest.xml:29:5-20
MERGED from [com.android.support:support-media-compat:25.3.1] AndroidManifest.xml:29:5-20
MERGED from [com.android.support:support-media-compat:25.3.1] AndroidManifest.xml:29:5-20
MERGED from [com.android.support:support-core-utils:25.3.1] AndroidManifest.xml:29:5-20
MERGED from [com.android.support:support-core-utils:25.3.1] AndroidManifest.xml:29:5-20
MERGED from [com.android.support:support-compat:25.3.1] AndroidManifest.xml:29:5-20
MERGED from [com.android.support:support-compat:25.3.1] AndroidManifest.xml:29:5-20
	android:label
		ADDED from lamw-prj\baku_kata\AndroidManifest.xml:37:80-112
	android:icon
		ADDED from lamw-prj\baku_kata\AndroidManifest.xml:37:43-79
	android:allowBackup
		ADDED from lamw-prj\baku_kata\AndroidManifest.xml:37:16-42
	android:theme
		ADDED from lamw-prj\baku_kata\AndroidManifest.xml:37:113-144
activity#id.web.lebah.baku_kata.App
ADDED from lamw-prj\baku_kata\AndroidManifest.xml:38:5-43:16
	android:enabled
		ADDED from lamw-prj\baku_kata\AndroidManifest.xml:38:205-227
	android:label
		ADDED from lamw-prj\baku_kata\AndroidManifest.xml:38:57-89
	android:launchMode
		ADDED from lamw-prj\baku_kata\AndroidManifest.xml:38:175-204
	android:configChanges
		ADDED from lamw-prj\baku_kata\AndroidManifest.xml:38:90-174
	android:name
		ADDED from lamw-prj\baku_kata\AndroidManifest.xml:38:15-56
intent-filter#android.intent.action.MAIN+android.intent.category.LAUNCHER
ADDED from lamw-prj\baku_kata\AndroidManifest.xml:39:7-42:23
action#android.intent.action.MAIN
ADDED from lamw-prj\baku_kata\AndroidManifest.xml:40:9-60
	android:name
		ADDED from lamw-prj\baku_kata\AndroidManifest.xml:40:17-58
category#android.intent.category.LAUNCHER
ADDED from lamw-prj\baku_kata\AndroidManifest.xml:41:9-68
	android:name
		ADDED from lamw-prj\baku_kata\AndroidManifest.xml:41:19-66
meta-data#android.support.VERSION
ADDED from [com.android.support:design:25.3.1] AndroidManifest.xml:25:5-27:34
MERGED from [com.android.support:appcompat-v7:25.3.1] AndroidManifest.xml:25:5-27:34
MERGED from [com.android.support:appcompat-v7:25.3.1] AndroidManifest.xml:25:5-27:34
MERGED from [com.android.support:cardview-v7:25.3.1] AndroidManifest.xml:22:5-24:34
MERGED from [com.android.support:cardview-v7:25.3.1] AndroidManifest.xml:22:5-24:34
MERGED from [com.android.support:recyclerview-v7:25.3.1] AndroidManifest.xml:22:5-24:34
MERGED from [com.android.support:recyclerview-v7:25.3.1] AndroidManifest.xml:22:5-24:34
MERGED from [com.android.support:animated-vector-drawable:25.3.1] AndroidManifest.xml:22:5-24:34
MERGED from [com.android.support:animated-vector-drawable:25.3.1] AndroidManifest.xml:22:5-24:34
MERGED from [com.android.support:support-vector-drawable:25.3.1] AndroidManifest.xml:22:5-24:34
MERGED from [com.android.support:support-vector-drawable:25.3.1] AndroidManifest.xml:22:5-24:34
MERGED from [com.android.support:transition:25.3.1] AndroidManifest.xml:22:5-24:34
MERGED from [com.android.support:transition:25.3.1] AndroidManifest.xml:22:5-24:34
MERGED from [com.android.support:support-v4:25.3.1] AndroidManifest.xml:25:5-27:34
MERGED from [com.android.support:support-v4:25.3.1] AndroidManifest.xml:25:5-27:34
MERGED from [com.android.support:support-fragment:25.3.1] AndroidManifest.xml:25:5-27:34
MERGED from [com.android.support:support-fragment:25.3.1] AndroidManifest.xml:25:5-27:34
MERGED from [com.android.support:support-core-ui:25.3.1] AndroidManifest.xml:25:5-27:34
MERGED from [com.android.support:support-core-ui:25.3.1] AndroidManifest.xml:25:5-27:34
MERGED from [com.android.support:support-media-compat:25.3.1] AndroidManifest.xml:25:5-27:34
MERGED from [com.android.support:support-media-compat:25.3.1] AndroidManifest.xml:25:5-27:34
MERGED from [com.android.support:support-core-utils:25.3.1] AndroidManifest.xml:25:5-27:34
MERGED from [com.android.support:support-core-utils:25.3.1] AndroidManifest.xml:25:5-27:34
MERGED from [com.android.support:support-compat:25.3.1] AndroidManifest.xml:25:5-27:34
MERGED from [com.android.support:support-compat:25.3.1] AndroidManifest.xml:25:5-27:34
	android:value
		ADDED from [com.android.support:design:25.3.1] AndroidManifest.xml:27:9-31
	android:name
		ADDED from [com.android.support:design:25.3.1] AndroidManifest.xml:26:9-47